<?xml version="1.0" encoding="UTF-8"?>
<!-- Generated by org.testng.reporters.JUnitReportReporter -->
<testsuite skipped="0" hostname="EPBYMINW2705" name="tests.task0101.NewTest" tests="2" failures="0" timestamp="22 Jun 2017 07:12:00 GMT" time="0.010" errors="0">
  <testcase name="f" time="0.009" classname="tests.task0101.NewTest"/>
  <testcase name="f" time="0.001" classname="tests.task0101.NewTest"/>
</testsuite> <!-- tests.task0101.NewTest -->
