<?xml version="1.0" encoding="UTF-8"?>
<!-- Generated by org.testng.reporters.JUnitReportReporter -->
<testsuite skipped="0" hostname="EPBYMINW2705" name="tests.task0101.Tst0101StatementExpectedExceptionsIntegerPos" tests="13" failures="0" timestamp="23 Jun 2017 12:51:17 GMT" time="0.036" errors="0">
  <testcase name="checkMethIsStatementCorrectValidValuesTrue" time="0.001" classname="tests.task0101.Tst0101StatementExpectedExceptionsIntegerPos"/>
  <testcase name="checkMethIsStatementCorrectValidValuesTrue" time="0.002" classname="tests.task0101.Tst0101StatementExpectedExceptionsIntegerPos"/>
  <testcase name="checkIllegalArgExpLargerMAXValue" time="0.004" classname="tests.task0101.Tst0101StatementExpectedExceptionsIntegerPos"/>
  <testcase name="checkIllegalArgExpLessMINValue" time="0.002" classname="tests.task0101.Tst0101StatementExpectedExceptionsIntegerPos"/>
  <testcase name="checkMethIsStatementCorrectValidValuesFalse" time="0.003" classname="tests.task0101.Tst0101StatementExpectedExceptionsIntegerPos"/>
  <testcase name="checkNOillegalArgExpValidValues" time="0.001" classname="tests.task0101.Tst0101StatementExpectedExceptionsIntegerPos"/>
  <testcase name="checkNOillegalArgExpValidValues" time="0.002" classname="tests.task0101.Tst0101StatementExpectedExceptionsIntegerPos"/>
  <testcase name="checkMethIsStatementCorrectValidValuesFalse" time="0.003" classname="tests.task0101.Tst0101StatementExpectedExceptionsIntegerPos"/>
  <testcase name="checkNOillegalArgExpValidValues" time="0.002" classname="tests.task0101.Tst0101StatementExpectedExceptionsIntegerPos"/>
  <testcase name="checkIllegalArgExpLargerMAXValue" time="0.011" classname="tests.task0101.Tst0101StatementExpectedExceptionsIntegerPos"/>
  <testcase name="checkMethIsStatementCorrectValidValuesFalse" time="0.001" classname="tests.task0101.Tst0101StatementExpectedExceptionsIntegerPos"/>
  <testcase name="checkIllegalArgExpLessMINValue" time="0.003" classname="tests.task0101.Tst0101StatementExpectedExceptionsIntegerPos"/>
  <testcase name="checkMethIsStatementCorrectValidValuesTrue" time="0.001" classname="tests.task0101.Tst0101StatementExpectedExceptionsIntegerPos"/>
</testsuite> <!-- tests.task0101.Tst0101StatementExpectedExceptionsIntegerPos -->
