<?xml version="1.0" encoding="UTF-8"?>
<!-- Generated by org.testng.reporters.JUnitReportReporter -->
<testsuite skipped="0" hostname="EPBYMINW2705" name="tests.task0102.Tst0205ExpressionResolvePos" tests="3" failures="0" timestamp="23 Jun 2017 06:55:58 GMT" time="0.016" errors="0">
  <testcase name="f" time="0.001" classname="tests.task0102.Tst0205ExpressionResolvePos"/>
  <testcase name="f" time="0.014" classname="tests.task0102.Tst0205ExpressionResolvePos"/>
  <testcase name="f" time="0.001" classname="tests.task0102.Tst0205ExpressionResolvePos"/>
</testsuite> <!-- tests.task0102.Tst0205ExpressionResolvePos -->
