<?xml version="1.0" encoding="UTF-8"?>
<!-- Generated by org.testng.reporters.JUnitReportReporter -->
<testsuite skipped="0" hostname="EPBYMINW2705" name="tests.task0105.Tst0501Pow" tests="8" failures="0" timestamp="26 Jun 2017 09:41:34 GMT" time="0.079" errors="0">
  <testcase name="pow_ValidValues" time="0.061" classname="tests.task0105.Tst0501Pow"/>
  <testcase name="pow_ValidValues" time="0.005" classname="tests.task0105.Tst0501Pow"/>
  <testcase name="pow_ValidValues" time="0.001" classname="tests.task0105.Tst0501Pow"/>
  <testcase name="pow_ValidValues" time="0.001" classname="tests.task0105.Tst0501Pow"/>
  <testcase name="pow_ValidValues" time="0.001" classname="tests.task0105.Tst0501Pow"/>
  <testcase name="pow_ValidValues" time="0.002" classname="tests.task0105.Tst0501Pow"/>
  <testcase name="pow_ValidValues" time="0.002" classname="tests.task0105.Tst0501Pow"/>
  <testcase name="pow_ValidValues" time="0.006" classname="tests.task0105.Tst0501Pow"/>
</testsuite> <!-- tests.task0105.Tst0501Pow -->
