<?xml version="1.0" encoding="UTF-8"?>
<!-- Generated by org.testng.reporters.JUnitReportReporter -->
<testsuite skipped="0" hostname="EPBYMINW2705" name="tests.task0106.Tst0601SumMinAndMax" tests="11" failures="0" timestamp="26 Jun 2017 09:41:33 GMT" time="0.081" errors="0">
  <testcase name="minValidValue" time="0.000" classname="tests.task0106.Tst0601SumMinAndMax"/>
  <testcase name="maxValidValue" time="0.010" classname="tests.task0106.Tst0601SumMinAndMax"/>
  <testcase name="maxValidValue" time="0.001" classname="tests.task0106.Tst0601SumMinAndMax"/>
  <testcase name="summMinAndMaxValidValue" time="0.001" classname="tests.task0106.Tst0601SumMinAndMax"/>
  <testcase name="minValidValue" time="0.001" classname="tests.task0106.Tst0601SumMinAndMax"/>
  <testcase name="maxValidValue" time="0.001" classname="tests.task0106.Tst0601SumMinAndMax"/>
  <testcase name="minValidValue" time="0.000" classname="tests.task0106.Tst0601SumMinAndMax"/>
  <testcase name="minValidValue" time="0.000" classname="tests.task0106.Tst0601SumMinAndMax"/>
  <testcase name="maxValidValue" time="0.008" classname="tests.task0106.Tst0601SumMinAndMax"/>
  <testcase name="summMinAndMaxValidValue" time="0.000" classname="tests.task0106.Tst0601SumMinAndMax"/>
  <testcase name="summMinAndMaxValidValue" time="0.059" classname="tests.task0106.Tst0601SumMinAndMax"/>
</testsuite> <!-- tests.task0106.Tst0601SumMinAndMax -->
