<?xml version="1.0" encoding="UTF-8"?>
<!-- Generated by org.testng.reporters.JUnitReportReporter -->
<testsuite skipped="0" hostname="EPBYMINW2705" name="tests.task0106.Tst0601SumMinAndMax" tests="11" failures="0" timestamp="23 Jun 2017 13:53:35 GMT" time="0.034" errors="0">
  <testcase name="maxValidValue" time="0.002" classname="tests.task0106.Tst0601SumMinAndMax"/>
  <testcase name="minValidValue" time="0.001" classname="tests.task0106.Tst0601SumMinAndMax"/>
  <testcase name="maxValidValue" time="0.013" classname="tests.task0106.Tst0601SumMinAndMax"/>
  <testcase name="minValidValue" time="0.007" classname="tests.task0106.Tst0601SumMinAndMax"/>
  <testcase name="minValidValue" time="0.001" classname="tests.task0106.Tst0601SumMinAndMax"/>
  <testcase name="summMinAndMaxValidValue" time="0.001" classname="tests.task0106.Tst0601SumMinAndMax"/>
  <testcase name="maxValidValue" time="0.002" classname="tests.task0106.Tst0601SumMinAndMax"/>
  <testcase name="minValidValue" time="0.001" classname="tests.task0106.Tst0601SumMinAndMax"/>
  <testcase name="maxValidValue" time="0.004" classname="tests.task0106.Tst0601SumMinAndMax"/>
  <testcase name="summMinAndMaxValidValue" time="0.001" classname="tests.task0106.Tst0601SumMinAndMax"/>
  <testcase name="summMinAndMaxValidValue" time="0.001" classname="tests.task0106.Tst0601SumMinAndMax"/>
</testsuite> <!-- tests.task0106.Tst0601SumMinAndMax -->
