<?xml version="1.0" encoding="UTF-8"?>
<!-- Generated by org.testng.reporters.JUnitReportReporter -->
<testsuite skipped="0" hostname="EPBYMINW2705" name="tests.task0109.Tst0901GenerateArray" tests="11" failures="0" timestamp="23 Jun 2017 15:02:42 GMT" time="0.048" errors="0">
  <testcase name="checkJoinTwoArrays" time="0.002" classname="tests.task0109.Tst0901GenerateArray"/>
  <testcase name="checkJoinTwoArrays" time="0.007" classname="tests.task0109.Tst0901GenerateArray"/>
  <testcase name="checkLengthArrayPos" time="0.001" classname="tests.task0109.Tst0901GenerateArray"/>
  <testcase name="catchingIllegalArgExceptionNegativeInsertPosition" time="0.004" classname="tests.task0109.Tst0901GenerateArray"/>
  <testcase name="catchingIllegalArgException" time="0.005" classname="tests.task0109.Tst0901GenerateArray"/>
  <testcase name="checkJoinTwoArrays" time="0.005" classname="tests.task0109.Tst0901GenerateArray"/>
  <testcase name="catchingIllegalArgException" time="0.012" classname="tests.task0109.Tst0901GenerateArray"/>
  <testcase name="checkLengthArrayPos" time="0.001" classname="tests.task0109.Tst0901GenerateArray"/>
  <testcase name="catchingIllegalArgExceptionInsertPositionBiggerArrayLength" time="0.003" classname="tests.task0109.Tst0901GenerateArray"/>
  <testcase name="catchingIllegalArgExceptionInsertPositionBiggerArrayLength" time="0.006" classname="tests.task0109.Tst0901GenerateArray"/>
  <testcase name="checkJoinTwoArrays" time="0.002" classname="tests.task0109.Tst0901GenerateArray"/>
</testsuite> <!-- tests.task0109.Tst0901GenerateArray -->
