<?xml version="1.0" encoding="UTF-8"?>
<!-- Generated by org.testng.reporters.JUnitReportReporter -->
<testsuite skipped="0" hostname="EPBYMINW2705" name="tests.task0106.Tst0603MaxPos" tests="4" failures="0" timestamp="22 Jun 2017 14:41:41 GMT" time="0.018" errors="0">
  <testcase name="f" time="0.001" classname="tests.task0106.Tst0603MaxPos"/>
  <testcase name="f" time="0.014" classname="tests.task0106.Tst0603MaxPos"/>
  <testcase name="f" time="0.001" classname="tests.task0106.Tst0603MaxPos"/>
  <testcase name="f" time="0.002" classname="tests.task0106.Tst0603MaxPos"/>
</testsuite> <!-- tests.task0106.Tst0603MaxPos -->
