<?xml version="1.0" encoding="UTF-8"?>
<!-- Generated by org.testng.reporters.JUnitReportReporter -->
<testsuite skipped="0" hostname="EPBYMINW2705" name="tests.task0103.Tst0304TriangleGetPerimetrPos" tests="4" failures="0" timestamp="22 Jun 2017 12:45:00 GMT" time="0.026" errors="0">
  <testcase name="f" time="0.001" classname="tests.task0103.Tst0304TriangleGetPerimetrPos"/>
  <testcase name="f" time="0.023" classname="tests.task0103.Tst0304TriangleGetPerimetrPos"/>
  <testcase name="f" time="0.001" classname="tests.task0103.Tst0304TriangleGetPerimetrPos"/>
  <testcase name="f" time="0.001" classname="tests.task0103.Tst0304TriangleGetPerimetrPos"/>
</testsuite> <!-- tests.task0103.Tst0304TriangleGetPerimetrPos -->
