<?xml version="1.0" encoding="UTF-8"?>
<!-- Generated by org.testng.reporters.JUnitReportReporter -->
<testsuite skipped="0" hostname="EPBYMINW2705" name="tests.task0105.Tst0501PowPos" tests="8" failures="0" timestamp="22 Jun 2017 14:00:01 GMT" time="0.039" errors="0">
  <testcase name="f" time="0.002" classname="tests.task0105.Tst0501PowPos"/>
  <testcase name="f" time="0.002" classname="tests.task0105.Tst0501PowPos"/>
  <testcase name="f" time="0.001" classname="tests.task0105.Tst0501PowPos"/>
  <testcase name="f" time="0.002" classname="tests.task0105.Tst0501PowPos"/>
  <testcase name="f" time="0.001" classname="tests.task0105.Tst0501PowPos"/>
  <testcase name="f" time="0.011" classname="tests.task0105.Tst0501PowPos"/>
  <testcase name="f" time="0.015" classname="tests.task0105.Tst0501PowPos"/>
  <testcase name="f" time="0.005" classname="tests.task0105.Tst0501PowPos"/>
</testsuite> <!-- tests.task0105.Tst0501PowPos -->
