<?xml version="1.0" encoding="UTF-8"?>
<!-- Generated by org.testng.reporters.JUnitReportReporter -->
<testsuite skipped="0" hostname="EPBYMINW2705" name="tests.task0104.Tst0402PointIsPointInAreaNeg" tests="38" failures="0" timestamp="22 Jun 2017 13:20:01 GMT" time="0.143" errors="0">
  <testcase name="f" time="0.000" classname="tests.task0104.Tst0402PointIsPointInAreaNeg"/>
  <testcase name="f" time="0.002" classname="tests.task0104.Tst0402PointIsPointInAreaNeg"/>
  <testcase name="f" time="0.001" classname="tests.task0104.Tst0402PointIsPointInAreaNeg"/>
  <testcase name="f" time="0.001" classname="tests.task0104.Tst0402PointIsPointInAreaNeg"/>
  <testcase name="f" time="0.001" classname="tests.task0104.Tst0402PointIsPointInAreaNeg"/>
  <testcase name="f" time="0.002" classname="tests.task0104.Tst0402PointIsPointInAreaNeg"/>
  <testcase name="f" time="0.001" classname="tests.task0104.Tst0402PointIsPointInAreaNeg"/>
  <testcase name="f" time="0.001" classname="tests.task0104.Tst0402PointIsPointInAreaNeg"/>
  <testcase name="f" time="0.001" classname="tests.task0104.Tst0402PointIsPointInAreaNeg"/>
  <testcase name="f" time="0.001" classname="tests.task0104.Tst0402PointIsPointInAreaNeg"/>
  <testcase name="f" time="0.001" classname="tests.task0104.Tst0402PointIsPointInAreaNeg"/>
  <testcase name="f" time="0.002" classname="tests.task0104.Tst0402PointIsPointInAreaNeg"/>
  <testcase name="f" time="0.003" classname="tests.task0104.Tst0402PointIsPointInAreaNeg"/>
  <testcase name="f" time="0.001" classname="tests.task0104.Tst0402PointIsPointInAreaNeg"/>
  <testcase name="f" time="0.000" classname="tests.task0104.Tst0402PointIsPointInAreaNeg"/>
  <testcase name="f" time="0.001" classname="tests.task0104.Tst0402PointIsPointInAreaNeg"/>
  <testcase name="f" time="0.012" classname="tests.task0104.Tst0402PointIsPointInAreaNeg"/>
  <testcase name="f" time="0.000" classname="tests.task0104.Tst0402PointIsPointInAreaNeg"/>
  <testcase name="f" time="0.002" classname="tests.task0104.Tst0402PointIsPointInAreaNeg"/>
  <testcase name="f" time="0.001" classname="tests.task0104.Tst0402PointIsPointInAreaNeg"/>
  <testcase name="f" time="0.001" classname="tests.task0104.Tst0402PointIsPointInAreaNeg"/>
  <testcase name="f" time="0.001" classname="tests.task0104.Tst0402PointIsPointInAreaNeg"/>
  <testcase name="f" time="0.001" classname="tests.task0104.Tst0402PointIsPointInAreaNeg"/>
  <testcase name="f" time="0.001" classname="tests.task0104.Tst0402PointIsPointInAreaNeg"/>
  <testcase name="f" time="0.002" classname="tests.task0104.Tst0402PointIsPointInAreaNeg"/>
  <testcase name="f" time="0.001" classname="tests.task0104.Tst0402PointIsPointInAreaNeg"/>
  <testcase name="f" time="0.001" classname="tests.task0104.Tst0402PointIsPointInAreaNeg"/>
  <testcase name="f" time="0.001" classname="tests.task0104.Tst0402PointIsPointInAreaNeg"/>
  <testcase name="f" time="0.001" classname="tests.task0104.Tst0402PointIsPointInAreaNeg"/>
  <testcase name="f" time="0.088" classname="tests.task0104.Tst0402PointIsPointInAreaNeg"/>
  <testcase name="f" time="0.005" classname="tests.task0104.Tst0402PointIsPointInAreaNeg"/>
  <testcase name="f" time="0.001" classname="tests.task0104.Tst0402PointIsPointInAreaNeg"/>
  <testcase name="f" time="0.001" classname="tests.task0104.Tst0402PointIsPointInAreaNeg"/>
  <testcase name="f" time="0.001" classname="tests.task0104.Tst0402PointIsPointInAreaNeg"/>
  <testcase name="f" time="0.002" classname="tests.task0104.Tst0402PointIsPointInAreaNeg"/>
  <testcase name="f" time="0.000" classname="tests.task0104.Tst0402PointIsPointInAreaNeg"/>
  <testcase name="f" time="0.001" classname="tests.task0104.Tst0402PointIsPointInAreaNeg"/>
  <testcase name="f" time="0.000" classname="tests.task0104.Tst0402PointIsPointInAreaNeg"/>
</testsuite> <!-- tests.task0104.Tst0402PointIsPointInAreaNeg -->
