<?xml version="1.0" encoding="UTF-8"?>
<!-- Generated by org.testng.reporters.JUnitReportReporter -->
<testsuite skipped="0" hostname="EPBYMINW2705" name="tests.task0109.Tst0902checkJoin" tests="7" failures="0" timestamp="23 Jun 2017 12:04:13 GMT" time="0.020" errors="0">
  <testcase name="checkJoinTwoArrays" time="0.002" classname="tests.task0109.Tst0902checkJoin"/>
  <testcase name="catchingIllegalArgExceptionNegativeInsertPosition" time="0.001" classname="tests.task0109.Tst0902checkJoin"/>
  <testcase name="checkJoinTwoArrays" time="0.001" classname="tests.task0109.Tst0902checkJoin"/>
  <testcase name="catchingIllegalArgExceptionInsertPositionBiggerArrayLength" time="0.001" classname="tests.task0109.Tst0902checkJoin"/>
  <testcase name="catchingIllegalArgExceptionInsertPositionBiggerArrayLength" time="0.012" classname="tests.task0109.Tst0902checkJoin"/>
  <testcase name="checkJoinTwoArrays" time="0.000" classname="tests.task0109.Tst0902checkJoin"/>
  <testcase name="checkJoinTwoArrays" time="0.003" classname="tests.task0109.Tst0902checkJoin"/>
</testsuite> <!-- tests.task0109.Tst0902checkJoin -->
