<?xml version="1.0" encoding="UTF-8"?>
<!-- Generated by org.testng.reporters.JUnitReportReporter -->
<testsuite skipped="0" hostname="EPBYMINW2705" name="tests.task0101.Tst01StatementIsStatmentCorrectPos" tests="10" failures="0" timestamp="22 Jun 2017 08:40:52 GMT" time="0.024" errors="0">
  <testcase name="f" time="0.001" classname="tests.task0101.Tst01StatementIsStatmentCorrectPos"/>
  <testcase name="f" time="0.001" classname="tests.task0101.Tst01StatementIsStatmentCorrectPos"/>
  <testcase name="f" time="0.012" classname="tests.task0101.Tst01StatementIsStatmentCorrectPos"/>
  <testcase name="f" time="0.002" classname="tests.task0101.Tst01StatementIsStatmentCorrectPos"/>
  <testcase name="f" time="0.001" classname="tests.task0101.Tst01StatementIsStatmentCorrectPos"/>
  <testcase name="f" time="0.001" classname="tests.task0101.Tst01StatementIsStatmentCorrectPos"/>
  <testcase name="f" time="0.002" classname="tests.task0101.Tst01StatementIsStatmentCorrectPos"/>
  <testcase name="f" time="0.001" classname="tests.task0101.Tst01StatementIsStatmentCorrectPos"/>
  <testcase name="f" time="0.002" classname="tests.task0101.Tst01StatementIsStatmentCorrectPos"/>
  <testcase name="f" time="0.001" classname="tests.task0101.Tst01StatementIsStatmentCorrectPos"/>
</testsuite> <!-- tests.task0101.Tst01StatementIsStatmentCorrectPos -->
