<?xml version="1.0" encoding="UTF-8"?>
<!-- Generated by org.testng.reporters.JUnitReportReporter -->
<testsuite skipped="0" hostname="EPBYMINW2705" name="tests.task0101.Test01ExpectedExceptionsString" tests="5" failures="0" timestamp="22 Jun 2017 08:07:18 GMT" time="0.023" errors="0">
  <testcase name="f" time="0.005" classname="tests.task0101.Test01ExpectedExceptionsString"/>
  <testcase name="f" time="0.001" classname="tests.task0101.Test01ExpectedExceptionsString"/>
  <testcase name="f" time="0.015" classname="tests.task0101.Test01ExpectedExceptionsString"/>
  <testcase name="f" time="0.001" classname="tests.task0101.Test01ExpectedExceptionsString"/>
  <testcase name="f" time="0.001" classname="tests.task0101.Test01ExpectedExceptionsString"/>
</testsuite> <!-- tests.task0101.Test01ExpectedExceptionsString -->
