<?xml version="1.0" encoding="UTF-8"?>
<!-- Generated by org.testng.reporters.JUnitReportReporter -->
<testsuite skipped="0" hostname="EPBYMINW2705" name="tests.task0101.Test01ExpectedExceptionsIntegerPos" tests="4" failures="0" timestamp="22 Jun 2017 08:05:13 GMT" time="0.022" errors="0">
  <testcase name="f" time="0.001" classname="tests.task0101.Test01ExpectedExceptionsIntegerPos"/>
  <testcase name="f" time="0.002" classname="tests.task0101.Test01ExpectedExceptionsIntegerPos"/>
  <testcase name="f" time="0.012" classname="tests.task0101.Test01ExpectedExceptionsIntegerPos"/>
  <testcase name="f" time="0.007" classname="tests.task0101.Test01ExpectedExceptionsIntegerPos"/>
</testsuite> <!-- tests.task0101.Test01ExpectedExceptionsIntegerPos -->
