<?xml version="1.0" encoding="UTF-8"?>
<!-- Generated by org.testng.reporters.JUnitReportReporter -->
<testsuite skipped="0" hostname="EPBYMINW2705" name="tests.task0101.Tst04StatementIsStatmentCorrectNeg" tests="10" failures="0" timestamp="22 Jun 2017 08:44:52 GMT" time="0.048" errors="0">
  <testcase name="f" time="0.005" classname="tests.task0101.Tst04StatementIsStatmentCorrectNeg"/>
  <testcase name="f" time="0.005" classname="tests.task0101.Tst04StatementIsStatmentCorrectNeg"/>
  <testcase name="f" time="0.014" classname="tests.task0101.Tst04StatementIsStatmentCorrectNeg"/>
  <testcase name="f" time="0.004" classname="tests.task0101.Tst04StatementIsStatmentCorrectNeg"/>
  <testcase name="f" time="0.004" classname="tests.task0101.Tst04StatementIsStatmentCorrectNeg"/>
  <testcase name="f" time="0.003" classname="tests.task0101.Tst04StatementIsStatmentCorrectNeg"/>
  <testcase name="f" time="0.005" classname="tests.task0101.Tst04StatementIsStatmentCorrectNeg"/>
  <testcase name="f" time="0.003" classname="tests.task0101.Tst04StatementIsStatmentCorrectNeg"/>
  <testcase name="f" time="0.002" classname="tests.task0101.Tst04StatementIsStatmentCorrectNeg"/>
  <testcase name="f" time="0.003" classname="tests.task0101.Tst04StatementIsStatmentCorrectNeg"/>
</testsuite> <!-- tests.task0101.Tst04StatementIsStatmentCorrectNeg -->
