<?xml version="1.0" encoding="UTF-8"?>
<!-- Generated by org.testng.reporters.JUnitReportReporter -->
<testsuite skipped="0" hostname="EPBYMINW2705" name="tests.task0108.Tst0804ArraySumIllegalArgExpPos" tests="2" failures="0" timestamp="23 Jun 2017 09:05:10 GMT" time="0.012" errors="0">
  <testcase name="divisionByZero" time="0.010" classname="tests.task0108.Tst0804ArraySumIllegalArgExpPos"/>
  <testcase name="positiveElementOfArray" time="0.002" classname="tests.task0108.Tst0804ArraySumIllegalArgExpPos"/>
</testsuite> <!-- tests.task0108.Tst0804ArraySumIllegalArgExpPos -->
