<?xml version="1.0" encoding="UTF-8"?>
<!-- Generated by org.testng.reporters.JUnitReportReporter -->
<testsuite skipped="0" hostname="EPBYMINW2705" name="tests.task0103.Tst0302TriangleNeg" tests="2" failures="0" timestamp="22 Jun 2017 12:18:50 GMT" time="0.017" errors="0">
  <testcase name="f" time="0.015" classname="tests.task0103.Tst0302TriangleNeg"/>
  <testcase name="f" time="0.002" classname="tests.task0103.Tst0302TriangleNeg"/>
</testsuite> <!-- tests.task0103.Tst0302TriangleNeg -->
