<?xml version="1.0" encoding="UTF-8"?>
<!-- Generated by org.testng.reporters.JUnitReportReporter -->
<testsuite skipped="0" hostname="EPBYMINW2705" name="tests.task0101.Tst0101Statement" tests="13" failures="0" timestamp="26 Jun 2017 09:41:34 GMT" time="0.028" errors="0">
  <testcase name="checkIllegalArgExpLargerMAXValue" time="0.014" classname="tests.task0101.Tst0101Statement"/>
  <testcase name="checkMethIsStatementCorrectValidValuesFalse" time="0.001" classname="tests.task0101.Tst0101Statement"/>
  <testcase name="checkMethIsStatementCorrectValidValuesTrue" time="0.001" classname="tests.task0101.Tst0101Statement"/>
  <testcase name="checkNOillegalArgExpValidValues" time="0.001" classname="tests.task0101.Tst0101Statement"/>
  <testcase name="checkMethIsStatementCorrectValidValuesFalse" time="0.001" classname="tests.task0101.Tst0101Statement"/>
  <testcase name="checkNOillegalArgExpValidValues" time="0.001" classname="tests.task0101.Tst0101Statement"/>
  <testcase name="checkIllegalArgExpLessMINValue" time="0.001" classname="tests.task0101.Tst0101Statement"/>
  <testcase name="checkMethIsStatementCorrectValidValuesTrue" time="0.001" classname="tests.task0101.Tst0101Statement"/>
  <testcase name="checkMethIsStatementCorrectValidValuesTrue" time="0.001" classname="tests.task0101.Tst0101Statement"/>
  <testcase name="checkIllegalArgExpLessMINValue" time="0.001" classname="tests.task0101.Tst0101Statement"/>
  <testcase name="checkNOillegalArgExpValidValues" time="0.001" classname="tests.task0101.Tst0101Statement"/>
  <testcase name="checkIllegalArgExpLargerMAXValue" time="0.001" classname="tests.task0101.Tst0101Statement"/>
  <testcase name="checkMethIsStatementCorrectValidValuesFalse" time="0.003" classname="tests.task0101.Tst0101Statement"/>
</testsuite> <!-- tests.task0101.Tst0101Statement -->
