<?xml version="1.0" encoding="UTF-8"?>
<!-- Generated by org.testng.reporters.JUnitReportReporter -->
<testsuite skipped="0" hostname="EPBYMINW2705" name="tests.task0102.NewTest" tests="3" failures="0" timestamp="22 Jun 2017 09:25:40 GMT" time="0.015" errors="0">
  <testcase name="f" time="0.002" classname="tests.task0102.NewTest"/>
  <testcase name="f" time="0.001" classname="tests.task0102.NewTest"/>
  <testcase name="f" time="0.012" classname="tests.task0102.NewTest"/>
</testsuite> <!-- tests.task0102.NewTest -->
