<?xml version="1.0" encoding="UTF-8"?>
<!-- Generated by org.testng.reporters.JUnitReportReporter -->
<testsuite skipped="0" hostname="EPBYMINW2705" name="tests.task0105.Tst0502PowNeg" tests="3" failures="0" timestamp="22 Jun 2017 13:53:13 GMT" time="0.016" errors="0">
  <testcase name="f" time="0.002" classname="tests.task0105.Tst0502PowNeg"/>
  <testcase name="f" time="0.001" classname="tests.task0105.Tst0502PowNeg"/>
  <testcase name="f" time="0.013" classname="tests.task0105.Tst0502PowNeg"/>
</testsuite> <!-- tests.task0105.Tst0502PowNeg -->
