<?xml version="1.0" encoding="UTF-8"?>
<!-- Generated by org.testng.reporters.JUnitReportReporter -->
<testsuite skipped="0" hostname="EPBYMINW2705" name="tests.task0104.Tst0401PointIsPointInAreaPos" tests="76" failures="0" timestamp="23 Jun 2017 13:29:55 GMT" time="0.250" errors="0">
  <testcase name="pointValidValuesInArea" time="0.001" classname="tests.task0104.Tst0401PointIsPointInAreaPos"/>
  <testcase name="pointValidValuesOutOfArea" time="0.001" classname="tests.task0104.Tst0401PointIsPointInAreaPos"/>
  <testcase name="pointValidValuesOutOfArea" time="0.001" classname="tests.task0104.Tst0401PointIsPointInAreaPos"/>
  <testcase name="pointValidValuesOutOfArea" time="0.000" classname="tests.task0104.Tst0401PointIsPointInAreaPos"/>
  <testcase name="pointValidValuesOutOfArea" time="0.001" classname="tests.task0104.Tst0401PointIsPointInAreaPos"/>
  <testcase name="pointValidValuesOutOfArea" time="0.000" classname="tests.task0104.Tst0401PointIsPointInAreaPos"/>
  <testcase name="pointValidValuesInArea" time="0.006" classname="tests.task0104.Tst0401PointIsPointInAreaPos"/>
  <testcase name="pointValidValuesInArea" time="0.001" classname="tests.task0104.Tst0401PointIsPointInAreaPos"/>
  <testcase name="pointValidValuesOutOfArea" time="0.001" classname="tests.task0104.Tst0401PointIsPointInAreaPos"/>
  <testcase name="pointValidValuesOutOfArea" time="0.000" classname="tests.task0104.Tst0401PointIsPointInAreaPos"/>
  <testcase name="pointValidValuesOutOfArea" time="0.000" classname="tests.task0104.Tst0401PointIsPointInAreaPos"/>
  <testcase name="pointValidValuesInArea" time="0.004" classname="tests.task0104.Tst0401PointIsPointInAreaPos"/>
  <testcase name="pointValidValuesOutOfArea" time="0.001" classname="tests.task0104.Tst0401PointIsPointInAreaPos"/>
  <testcase name="pointValidValuesInArea" time="0.004" classname="tests.task0104.Tst0401PointIsPointInAreaPos"/>
  <testcase name="pointValidValuesOutOfArea" time="0.000" classname="tests.task0104.Tst0401PointIsPointInAreaPos"/>
  <testcase name="pointValidValuesInArea" time="0.004" classname="tests.task0104.Tst0401PointIsPointInAreaPos"/>
  <testcase name="pointValidValuesOutOfArea" time="0.000" classname="tests.task0104.Tst0401PointIsPointInAreaPos"/>
  <testcase name="pointValidValuesInArea" time="0.012" classname="tests.task0104.Tst0401PointIsPointInAreaPos"/>
  <testcase name="pointValidValuesInArea" time="0.002" classname="tests.task0104.Tst0401PointIsPointInAreaPos"/>
  <testcase name="pointValidValuesOutOfArea" time="0.001" classname="tests.task0104.Tst0401PointIsPointInAreaPos"/>
  <testcase name="pointValidValuesInArea" time="0.001" classname="tests.task0104.Tst0401PointIsPointInAreaPos"/>
  <testcase name="pointValidValuesOutOfArea" time="0.000" classname="tests.task0104.Tst0401PointIsPointInAreaPos"/>
  <testcase name="pointValidValuesInArea" time="0.001" classname="tests.task0104.Tst0401PointIsPointInAreaPos"/>
  <testcase name="pointValidValuesOutOfArea" time="0.001" classname="tests.task0104.Tst0401PointIsPointInAreaPos"/>
  <testcase name="pointValidValuesOutOfArea" time="0.001" classname="tests.task0104.Tst0401PointIsPointInAreaPos"/>
  <testcase name="pointValidValuesOutOfArea" time="0.001" classname="tests.task0104.Tst0401PointIsPointInAreaPos"/>
  <testcase name="pointValidValuesInArea" time="0.001" classname="tests.task0104.Tst0401PointIsPointInAreaPos"/>
  <testcase name="pointValidValuesInArea" time="0.002" classname="tests.task0104.Tst0401PointIsPointInAreaPos"/>
  <testcase name="pointValidValuesInArea" time="0.001" classname="tests.task0104.Tst0401PointIsPointInAreaPos"/>
  <testcase name="pointValidValuesOutOfArea" time="0.001" classname="tests.task0104.Tst0401PointIsPointInAreaPos"/>
  <testcase name="pointValidValuesOutOfArea" time="0.005" classname="tests.task0104.Tst0401PointIsPointInAreaPos"/>
  <testcase name="pointValidValuesOutOfArea" time="0.000" classname="tests.task0104.Tst0401PointIsPointInAreaPos"/>
  <testcase name="pointValidValuesInArea" time="0.001" classname="tests.task0104.Tst0401PointIsPointInAreaPos"/>
  <testcase name="pointValidValuesInArea" time="0.001" classname="tests.task0104.Tst0401PointIsPointInAreaPos"/>
  <testcase name="pointValidValuesOutOfArea" time="0.001" classname="tests.task0104.Tst0401PointIsPointInAreaPos"/>
  <testcase name="pointValidValuesOutOfArea" time="0.002" classname="tests.task0104.Tst0401PointIsPointInAreaPos"/>
  <testcase name="pointValidValuesOutOfArea" time="0.006" classname="tests.task0104.Tst0401PointIsPointInAreaPos"/>
  <testcase name="pointValidValuesOutOfArea" time="0.001" classname="tests.task0104.Tst0401PointIsPointInAreaPos"/>
  <testcase name="pointValidValuesInArea" time="0.001" classname="tests.task0104.Tst0401PointIsPointInAreaPos"/>
  <testcase name="pointValidValuesInArea" time="0.005" classname="tests.task0104.Tst0401PointIsPointInAreaPos"/>
  <testcase name="pointValidValuesInArea" time="0.001" classname="tests.task0104.Tst0401PointIsPointInAreaPos"/>
  <testcase name="pointValidValuesOutOfArea" time="0.002" classname="tests.task0104.Tst0401PointIsPointInAreaPos"/>
  <testcase name="pointValidValuesInArea" time="0.001" classname="tests.task0104.Tst0401PointIsPointInAreaPos"/>
  <testcase name="pointValidValuesInArea" time="0.001" classname="tests.task0104.Tst0401PointIsPointInAreaPos"/>
  <testcase name="pointValidValuesInArea" time="0.001" classname="tests.task0104.Tst0401PointIsPointInAreaPos"/>
  <testcase name="pointValidValuesInArea" time="0.001" classname="tests.task0104.Tst0401PointIsPointInAreaPos"/>
  <testcase name="pointValidValuesOutOfArea" time="0.005" classname="tests.task0104.Tst0401PointIsPointInAreaPos"/>
  <testcase name="pointValidValuesInArea" time="0.001" classname="tests.task0104.Tst0401PointIsPointInAreaPos"/>
  <testcase name="pointValidValuesInArea" time="0.001" classname="tests.task0104.Tst0401PointIsPointInAreaPos"/>
  <testcase name="pointValidValuesInArea" time="0.001" classname="tests.task0104.Tst0401PointIsPointInAreaPos"/>
  <testcase name="pointValidValuesOutOfArea" time="0.075" classname="tests.task0104.Tst0401PointIsPointInAreaPos"/>
  <testcase name="pointValidValuesInArea" time="0.000" classname="tests.task0104.Tst0401PointIsPointInAreaPos"/>
  <testcase name="pointValidValuesOutOfArea" time="0.004" classname="tests.task0104.Tst0401PointIsPointInAreaPos"/>
  <testcase name="pointValidValuesInArea" time="0.002" classname="tests.task0104.Tst0401PointIsPointInAreaPos"/>
  <testcase name="pointValidValuesInArea" time="0.000" classname="tests.task0104.Tst0401PointIsPointInAreaPos"/>
  <testcase name="pointValidValuesInArea" time="0.053" classname="tests.task0104.Tst0401PointIsPointInAreaPos"/>
  <testcase name="pointValidValuesInArea" time="0.001" classname="tests.task0104.Tst0401PointIsPointInAreaPos"/>
  <testcase name="pointValidValuesOutOfArea" time="0.000" classname="tests.task0104.Tst0401PointIsPointInAreaPos"/>
  <testcase name="pointValidValuesOutOfArea" time="0.001" classname="tests.task0104.Tst0401PointIsPointInAreaPos"/>
  <testcase name="pointValidValuesOutOfArea" time="0.001" classname="tests.task0104.Tst0401PointIsPointInAreaPos"/>
  <testcase name="pointValidValuesOutOfArea" time="0.001" classname="tests.task0104.Tst0401PointIsPointInAreaPos"/>
  <testcase name="pointValidValuesOutOfArea" time="0.005" classname="tests.task0104.Tst0401PointIsPointInAreaPos"/>
  <testcase name="pointValidValuesInArea" time="0.002" classname="tests.task0104.Tst0401PointIsPointInAreaPos"/>
  <testcase name="pointValidValuesInArea" time="0.002" classname="tests.task0104.Tst0401PointIsPointInAreaPos"/>
  <testcase name="pointValidValuesInArea" time="0.001" classname="tests.task0104.Tst0401PointIsPointInAreaPos"/>
  <testcase name="pointValidValuesOutOfArea" time="0.000" classname="tests.task0104.Tst0401PointIsPointInAreaPos"/>
  <testcase name="pointValidValuesInArea" time="0.001" classname="tests.task0104.Tst0401PointIsPointInAreaPos"/>
  <testcase name="pointValidValuesInArea" time="0.001" classname="tests.task0104.Tst0401PointIsPointInAreaPos"/>
  <testcase name="pointValidValuesInArea" time="0.001" classname="tests.task0104.Tst0401PointIsPointInAreaPos"/>
  <testcase name="pointValidValuesInArea" time="0.001" classname="tests.task0104.Tst0401PointIsPointInAreaPos"/>
  <testcase name="pointValidValuesOutOfArea" time="0.000" classname="tests.task0104.Tst0401PointIsPointInAreaPos"/>
  <testcase name="pointValidValuesOutOfArea" time="0.001" classname="tests.task0104.Tst0401PointIsPointInAreaPos"/>
  <testcase name="pointValidValuesOutOfArea" time="0.001" classname="tests.task0104.Tst0401PointIsPointInAreaPos"/>
  <testcase name="pointValidValuesInArea" time="0.001" classname="tests.task0104.Tst0401PointIsPointInAreaPos"/>
  <testcase name="pointValidValuesOutOfArea" time="0.001" classname="tests.task0104.Tst0401PointIsPointInAreaPos"/>
  <testcase name="pointValidValuesOutOfArea" time="0.006" classname="tests.task0104.Tst0401PointIsPointInAreaPos"/>
</testsuite> <!-- tests.task0104.Tst0401PointIsPointInAreaPos -->
