<?xml version="1.0" encoding="UTF-8"?>
<!-- Generated by org.testng.reporters.JUnitReportReporter -->
<testsuite skipped="0" hostname="EPBYMINW2705" name="tests.task0106.Tst0602MinPos" tests="4" failures="0" timestamp="22 Jun 2017 14:41:32 GMT" time="0.020" errors="0">
  <testcase name="f" time="0.001" classname="tests.task0106.Tst0602MinPos"/>
  <testcase name="f" time="0.012" classname="tests.task0106.Tst0602MinPos"/>
  <testcase name="f" time="0.001" classname="tests.task0106.Tst0602MinPos"/>
  <testcase name="f" time="0.006" classname="tests.task0106.Tst0602MinPos"/>
</testsuite> <!-- tests.task0106.Tst0602MinPos -->
