<?xml version="1.0" encoding="UTF-8"?>
<!-- Generated by org.testng.reporters.JUnitReportReporter -->
<testsuite skipped="0" hostname="EPBYMINW2705" name="tests.task0102.Tst0205ExpressionResolvePos" tests="3" failures="0" timestamp="22 Jun 2017 13:25:43 GMT" time="0.022" errors="0">
  <testcase name="f" time="0.002" classname="tests.task0102.Tst0205ExpressionResolvePos"/>
  <testcase name="f" time="0.017" classname="tests.task0102.Tst0205ExpressionResolvePos"/>
  <testcase name="f" time="0.003" classname="tests.task0102.Tst0205ExpressionResolvePos"/>
</testsuite> <!-- tests.task0102.Tst0205ExpressionResolvePos -->
