<?xml version="1.0" encoding="UTF-8"?>
<!-- Generated by org.testng.reporters.JUnitReportReporter -->
<testsuite skipped="0" hostname="EPBYMINW2705" name="tests.task0102.Tst0204ExpressionResolveArithmeticExpNeg" tests="3" failures="0" timestamp="22 Jun 2017 13:25:39 GMT" time="0.015" errors="0">
  <testcase name="f" time="0.001" classname="tests.task0102.Tst0204ExpressionResolveArithmeticExpNeg"/>
  <testcase name="f" time="0.013" classname="tests.task0102.Tst0204ExpressionResolveArithmeticExpNeg"/>
  <testcase name="f" time="0.001" classname="tests.task0102.Tst0204ExpressionResolveArithmeticExpNeg"/>
</testsuite> <!-- tests.task0102.Tst0204ExpressionResolveArithmeticExpNeg -->
