<?xml version="1.0" encoding="UTF-8"?>
<!-- Generated by org.testng.reporters.JUnitReportReporter -->
<testsuite skipped="0" hostname="EPBYMINW2705" name="tests.task0104.Tst0401IsPointInArea" tests="76" failures="0" timestamp="26 Jun 2017 09:41:34 GMT" time="0.098" errors="0">
  <testcase name="isPointInArea_ValidValuesInArea" time="0.000" classname="tests.task0104.Tst0401IsPointInArea"/>
  <testcase name="isPointInArea_ValidValuesInArea" time="0.005" classname="tests.task0104.Tst0401IsPointInArea"/>
  <testcase name="isPointInArea_ValidValuesOutOfArea" time="0.001" classname="tests.task0104.Tst0401IsPointInArea"/>
  <testcase name="isPointInArea_ValidValuesOutOfArea" time="0.001" classname="tests.task0104.Tst0401IsPointInArea"/>
  <testcase name="isPointInArea_ValidValuesOutOfArea" time="0.001" classname="tests.task0104.Tst0401IsPointInArea"/>
  <testcase name="isPointInArea_ValidValuesOutOfArea" time="0.001" classname="tests.task0104.Tst0401IsPointInArea"/>
  <testcase name="isPointInArea_ValidValuesOutOfArea" time="0.001" classname="tests.task0104.Tst0401IsPointInArea"/>
  <testcase name="isPointInArea_ValidValuesInArea" time="0.000" classname="tests.task0104.Tst0401IsPointInArea"/>
  <testcase name="isPointInArea_ValidValuesOutOfArea" time="0.002" classname="tests.task0104.Tst0401IsPointInArea"/>
  <testcase name="isPointInArea_ValidValuesOutOfArea" time="0.001" classname="tests.task0104.Tst0401IsPointInArea"/>
  <testcase name="isPointInArea_ValidValuesInArea" time="0.000" classname="tests.task0104.Tst0401IsPointInArea"/>
  <testcase name="isPointInArea_ValidValuesOutOfArea" time="0.002" classname="tests.task0104.Tst0401IsPointInArea"/>
  <testcase name="isPointInArea_ValidValuesOutOfArea" time="0.002" classname="tests.task0104.Tst0401IsPointInArea"/>
  <testcase name="isPointInArea_ValidValuesInArea" time="0.001" classname="tests.task0104.Tst0401IsPointInArea"/>
  <testcase name="isPointInArea_ValidValuesOutOfArea" time="0.000" classname="tests.task0104.Tst0401IsPointInArea"/>
  <testcase name="isPointInArea_ValidValuesInArea" time="0.001" classname="tests.task0104.Tst0401IsPointInArea"/>
  <testcase name="isPointInArea_ValidValuesInArea" time="0.000" classname="tests.task0104.Tst0401IsPointInArea"/>
  <testcase name="isPointInArea_ValidValuesInArea" time="0.005" classname="tests.task0104.Tst0401IsPointInArea"/>
  <testcase name="isPointInArea_ValidValuesOutOfArea" time="0.000" classname="tests.task0104.Tst0401IsPointInArea"/>
  <testcase name="isPointInArea_ValidValuesOutOfArea" time="0.001" classname="tests.task0104.Tst0401IsPointInArea"/>
  <testcase name="isPointInArea_ValidValuesOutOfArea" time="0.001" classname="tests.task0104.Tst0401IsPointInArea"/>
  <testcase name="isPointInArea_ValidValuesOutOfArea" time="0.001" classname="tests.task0104.Tst0401IsPointInArea"/>
  <testcase name="isPointInArea_ValidValuesOutOfArea" time="0.001" classname="tests.task0104.Tst0401IsPointInArea"/>
  <testcase name="isPointInArea_ValidValuesInArea" time="0.000" classname="tests.task0104.Tst0401IsPointInArea"/>
  <testcase name="isPointInArea_ValidValuesInArea" time="0.001" classname="tests.task0104.Tst0401IsPointInArea"/>
  <testcase name="isPointInArea_ValidValuesInArea" time="0.000" classname="tests.task0104.Tst0401IsPointInArea"/>
  <testcase name="isPointInArea_ValidValuesInArea" time="0.000" classname="tests.task0104.Tst0401IsPointInArea"/>
  <testcase name="isPointInArea_ValidValuesInArea" time="0.000" classname="tests.task0104.Tst0401IsPointInArea"/>
  <testcase name="isPointInArea_ValidValuesOutOfArea" time="0.001" classname="tests.task0104.Tst0401IsPointInArea"/>
  <testcase name="isPointInArea_ValidValuesInArea" time="0.001" classname="tests.task0104.Tst0401IsPointInArea"/>
  <testcase name="isPointInArea_ValidValuesOutOfArea" time="0.001" classname="tests.task0104.Tst0401IsPointInArea"/>
  <testcase name="isPointInArea_ValidValuesInArea" time="0.000" classname="tests.task0104.Tst0401IsPointInArea"/>
  <testcase name="isPointInArea_ValidValuesInArea" time="0.021" classname="tests.task0104.Tst0401IsPointInArea"/>
  <testcase name="isPointInArea_ValidValuesInArea" time="0.000" classname="tests.task0104.Tst0401IsPointInArea"/>
  <testcase name="isPointInArea_ValidValuesInArea" time="0.001" classname="tests.task0104.Tst0401IsPointInArea"/>
  <testcase name="isPointInArea_ValidValuesOutOfArea" time="0.001" classname="tests.task0104.Tst0401IsPointInArea"/>
  <testcase name="isPointInArea_ValidValuesOutOfArea" time="0.002" classname="tests.task0104.Tst0401IsPointInArea"/>
  <testcase name="isPointInArea_ValidValuesInArea" time="0.003" classname="tests.task0104.Tst0401IsPointInArea"/>
  <testcase name="isPointInArea_ValidValuesInArea" time="0.001" classname="tests.task0104.Tst0401IsPointInArea"/>
  <testcase name="isPointInArea_ValidValuesInArea" time="0.001" classname="tests.task0104.Tst0401IsPointInArea"/>
  <testcase name="isPointInArea_ValidValuesInArea" time="0.001" classname="tests.task0104.Tst0401IsPointInArea"/>
  <testcase name="isPointInArea_ValidValuesOutOfArea" time="0.000" classname="tests.task0104.Tst0401IsPointInArea"/>
  <testcase name="isPointInArea_ValidValuesOutOfArea" time="0.001" classname="tests.task0104.Tst0401IsPointInArea"/>
  <testcase name="isPointInArea_ValidValuesInArea" time="0.001" classname="tests.task0104.Tst0401IsPointInArea"/>
  <testcase name="isPointInArea_ValidValuesOutOfArea" time="0.002" classname="tests.task0104.Tst0401IsPointInArea"/>
  <testcase name="isPointInArea_ValidValuesOutOfArea" time="0.002" classname="tests.task0104.Tst0401IsPointInArea"/>
  <testcase name="isPointInArea_ValidValuesOutOfArea" time="0.002" classname="tests.task0104.Tst0401IsPointInArea"/>
  <testcase name="isPointInArea_ValidValuesInArea" time="0.001" classname="tests.task0104.Tst0401IsPointInArea"/>
  <testcase name="isPointInArea_ValidValuesOutOfArea" time="0.000" classname="tests.task0104.Tst0401IsPointInArea"/>
  <testcase name="isPointInArea_ValidValuesOutOfArea" time="0.002" classname="tests.task0104.Tst0401IsPointInArea"/>
  <testcase name="isPointInArea_ValidValuesOutOfArea" time="0.000" classname="tests.task0104.Tst0401IsPointInArea"/>
  <testcase name="isPointInArea_ValidValuesOutOfArea" time="0.001" classname="tests.task0104.Tst0401IsPointInArea"/>
  <testcase name="isPointInArea_ValidValuesOutOfArea" time="0.001" classname="tests.task0104.Tst0401IsPointInArea"/>
  <testcase name="isPointInArea_ValidValuesInArea" time="0.001" classname="tests.task0104.Tst0401IsPointInArea"/>
  <testcase name="isPointInArea_ValidValuesInArea" time="0.000" classname="tests.task0104.Tst0401IsPointInArea"/>
  <testcase name="isPointInArea_ValidValuesOutOfArea" time="0.002" classname="tests.task0104.Tst0401IsPointInArea"/>
  <testcase name="isPointInArea_ValidValuesInArea" time="0.001" classname="tests.task0104.Tst0401IsPointInArea"/>
  <testcase name="isPointInArea_ValidValuesInArea" time="0.001" classname="tests.task0104.Tst0401IsPointInArea"/>
  <testcase name="isPointInArea_ValidValuesInArea" time="0.001" classname="tests.task0104.Tst0401IsPointInArea"/>
  <testcase name="isPointInArea_ValidValuesOutOfArea" time="0.002" classname="tests.task0104.Tst0401IsPointInArea"/>
  <testcase name="isPointInArea_ValidValuesInArea" time="0.001" classname="tests.task0104.Tst0401IsPointInArea"/>
  <testcase name="isPointInArea_ValidValuesInArea" time="0.001" classname="tests.task0104.Tst0401IsPointInArea"/>
  <testcase name="isPointInArea_ValidValuesOutOfArea" time="0.001" classname="tests.task0104.Tst0401IsPointInArea"/>
  <testcase name="isPointInArea_ValidValuesInArea" time="0.001" classname="tests.task0104.Tst0401IsPointInArea"/>
  <testcase name="isPointInArea_ValidValuesOutOfArea" time="0.003" classname="tests.task0104.Tst0401IsPointInArea"/>
  <testcase name="isPointInArea_ValidValuesInArea" time="0.000" classname="tests.task0104.Tst0401IsPointInArea"/>
  <testcase name="isPointInArea_ValidValuesInArea" time="0.001" classname="tests.task0104.Tst0401IsPointInArea"/>
  <testcase name="isPointInArea_ValidValuesOutOfArea" time="0.000" classname="tests.task0104.Tst0401IsPointInArea"/>
  <testcase name="isPointInArea_ValidValuesInArea" time="0.001" classname="tests.task0104.Tst0401IsPointInArea"/>
  <testcase name="isPointInArea_ValidValuesOutOfArea" time="0.001" classname="tests.task0104.Tst0401IsPointInArea"/>
  <testcase name="isPointInArea_ValidValuesInArea" time="0.001" classname="tests.task0104.Tst0401IsPointInArea"/>
  <testcase name="isPointInArea_ValidValuesOutOfArea" time="0.001" classname="tests.task0104.Tst0401IsPointInArea"/>
  <testcase name="isPointInArea_ValidValuesOutOfArea" time="0.001" classname="tests.task0104.Tst0401IsPointInArea"/>
  <testcase name="isPointInArea_ValidValuesOutOfArea" time="0.000" classname="tests.task0104.Tst0401IsPointInArea"/>
  <testcase name="isPointInArea_ValidValuesInArea" time="0.000" classname="tests.task0104.Tst0401IsPointInArea"/>
  <testcase name="isPointInArea_ValidValuesInArea" time="0.001" classname="tests.task0104.Tst0401IsPointInArea"/>
</testsuite> <!-- tests.task0104.Tst0401IsPointInArea -->
