<?xml version="1.0" encoding="UTF-8"?>
<!-- Generated by org.testng.reporters.JUnitReportReporter -->
<testsuite skipped="0" hostname="EPBYMINW2705" name="tests.task0101.Tst02StatementExpectedExceptionsIntegerNeg" tests="3" failures="0" timestamp="22 Jun 2017 08:47:55 GMT" time="0.017" errors="0">
  <testcase name="f" time="0.001" classname="tests.task0101.Tst02StatementExpectedExceptionsIntegerNeg"/>
  <testcase name="f" time="0.015" classname="tests.task0101.Tst02StatementExpectedExceptionsIntegerNeg"/>
  <testcase name="f" time="0.001" classname="tests.task0101.Tst02StatementExpectedExceptionsIntegerNeg"/>
</testsuite> <!-- tests.task0101.Tst02StatementExpectedExceptionsIntegerNeg -->
