<?xml version="1.0" encoding="UTF-8"?>
<!-- Generated by org.testng.reporters.JUnitReportReporter -->
<testsuite skipped="1" hostname="EPBYMINW2705" name="tests.task0101.Test1" tests="1" failures="0" timestamp="22 Jun 2017 07:40:16 GMT" time="0.000" errors="0">
  <testcase name="f" time="0.000" classname="tests.task0101.Test1">
    <skipped/>
  </testcase> <!-- f -->
</testsuite> <!-- tests.task0101.Test1 -->
