<?xml version="1.0" encoding="UTF-8"?>
<!-- Generated by org.testng.reporters.JUnitReportReporter -->
<testsuite skipped="0" hostname="EPBYMINW2705" name="tests.task0109.Tst0901GenerateArrayIllegalArgExpPos" tests="4" failures="0" timestamp="23 Jun 2017 09:21:51 GMT" time="0.020" errors="0">
  <testcase name="catchingIllegalArgException" time="0.001" classname="tests.task0109.Tst0901GenerateArrayIllegalArgExpPos"/>
  <testcase name="catchingIllegalArgException" time="0.013" classname="tests.task0109.Tst0901GenerateArrayIllegalArgExpPos"/>
  <testcase name="checkLengthArrayPos" time="0.004" classname="tests.task0109.Tst0901GenerateArrayIllegalArgExpPos"/>
  <testcase name="checkLengthArrayPos" time="0.002" classname="tests.task0109.Tst0901GenerateArrayIllegalArgExpPos"/>
</testsuite> <!-- tests.task0109.Tst0901GenerateArrayIllegalArgExpPos -->
